[2018-12-13 09:05:19] my_logger.INFO: this is working kishan [] []
[2018-12-13 09:11:06] my_logger.INFO: this is working Array [] []
[2018-12-13 09:55:46] my_logger.INFO: this is working mysql [] []
[2018-12-13 09:55:46] my_logger.INFO: this is working sqlite [] []
[2018-12-13 09:55:46] my_logger.INFO: this is working pgsql [] []
[2018-12-13 10:36:02] my_logger.INFO: this is working mysql [] []
[2018-12-13 10:36:02] my_logger.INFO: this is working sqlite [] []
[2018-12-13 10:36:02] my_logger.INFO: this is working pgsql [] []
[2018-12-13 12:53:44] my_logger.INFO: thisis the body Array [] []
[2018-12-13 12:55:41] my_logger.INFO: thisis the body kishan [] []
[2018-12-13 12:55:41] my_logger.INFO: thisis the body  [] []
[2018-12-13 12:56:10] my_logger.INFO: thisis the body data is kishan [] []
[2018-12-13 12:56:10] my_logger.INFO: thisis the body  [] []
[2018-12-15 18:31:16] my_logger.INFO: this is working mysql [] []
[2018-12-15 18:31:16] my_logger.INFO: this is working sqlite [] []
[2018-12-15 18:31:16] my_logger.INFO: this is working pgsql [] []
[2018-12-17 07:36:46] my_logger.INFO:  from  logger in RepoModel saved $package->name [] []
[2018-12-17 07:36:46] my_logger.INFO:  from  logger in RepoModel saved $package->name [] []
[2018-12-17 07:40:19] my_logger.INFO:  from  logger in RepoModel saved $package->name [] []
[2018-12-17 07:40:19] my_logger.INFO:  from  logger in RepoModel saved $package->name [] []
[2018-12-17 08:26:28] my_logger.INFO:  from  logger in RepoModel saved $package->name [] []
[2018-12-17 08:26:28] my_logger.INFO:  from  logger in RepoModel saved $package->name [] []
[2018-12-17 08:31:48] my_logger.INFO:  from  logger in RepoModel saved $package->name [] []
[2018-12-17 09:35:33] my_logger.INFO: issen package, Array [] []
[2018-12-17 09:36:39] my_logger.INFO: issen package, Array [] []
[2018-12-17 09:37:17] my_logger.INFO: issen package, Array [] []
[2018-12-17 09:41:32] my_logger.INFO: issen package, Array [] []
[2018-12-17 09:46:18] my_logger.INFO: issen package, Array [] []
[2018-12-17 09:49:00] my_logger.INFO: issen package, s [] []
[2018-12-17 09:54:55] my_logger.INFO: Array [] []
[2018-12-17 09:55:33] my_logger.INFO: suraj [] []
[2018-12-17 09:56:16] my_logger.INFO: suraj [] []
[2018-12-17 09:58:59] my_logger.INFO: suraj  3 [] []
[2018-12-17 09:59:31] my_logger.INFO: suraj  3 [] []
[2018-12-17 10:52:59] my_logger.INFO: Array [] []
[2018-12-17 10:52:59] my_logger.INFO: Array [] []
[2018-12-17 10:52:59] my_logger.INFO: Array [] []
[2018-12-17 10:52:59] my_logger.INFO: Array [] []
[2018-12-17 10:52:59] my_logger.INFO: Array [] []
[2018-12-17 10:52:59] my_logger.INFO: Array [] []
[2018-12-17 10:52:59] my_logger.INFO: Array [] []
[2018-12-17 10:52:59] my_logger.INFO: Array [] []
[2018-12-17 10:55:09] my_logger.INFO: Array [] []
[2018-12-17 10:55:09] my_logger.INFO: Array [] []
[2018-12-17 10:55:09] my_logger.INFO: Array [] []
[2018-12-17 10:55:09] my_logger.INFO: Array [] []
[2018-12-17 10:55:09] my_logger.INFO: Array [] []
[2018-12-17 10:55:09] my_logger.INFO: Array [] []
[2018-12-17 10:55:09] my_logger.INFO: Array [] []
[2018-12-17 10:55:09] my_logger.INFO: Array [] []
